
  .   ____          _            __ _ _
 /\\ / ___'_ __ _ _(_)_ __  __ _ \ \ \ \
( ( )\___ | '_ | '_| | '_ \/ _` | \ \ \ \
 \\/  ___)| |_)| | | | | || (_| |  ) ) ) )
  '  |____| .__|_| |_|_| |_\__, | / / / /
 =========|_|==============|___/=/_/_/_/

 :: Spring Boot ::                (v4.1.0)

2026-07-20T10:12:15.273+09:00  INFO 17316 --- [sealo] [           main] com.sealo.SealoApplication               : Starting SealoApplication v0.0.1-SNAPSHOT using Java 21.0.11 with PID 17316 (C:\toy_projects\sealo\backend\build\libs\sealo-backend-0.0.1-SNAPSHOT.jar started by ethan in C:\toy_projects\sealo\backend)
2026-07-20T10:12:15.289+09:00  INFO 17316 --- [sealo] [           main] com.sealo.SealoApplication               : No active profile set, falling back to 1 default profile: "default"
2026-07-20T10:12:16.546+09:00  INFO 17316 --- [sealo] [           main] .s.d.r.c.RepositoryConfigurationDelegate : Bootstrapping Spring Data JPA repositories in DEFAULT mode.
2026-07-20T10:12:16.618+09:00  INFO 17316 --- [sealo] [           main] .s.d.r.c.RepositoryConfigurationDelegate : Finished Spring Data repository scanning in 61 ms. Found 7 JPA repository interfaces.
2026-07-20T10:12:17.910+09:00  INFO 17316 --- [sealo] [           main] o.s.boot.tomcat.TomcatWebServer          : Tomcat initialized with port 8080 (http)
2026-07-20T10:12:17.928+09:00  INFO 17316 --- [sealo] [           main] o.apache.catalina.core.StandardService   : Starting service [Tomcat]
2026-07-20T10:12:17.929+09:00  INFO 17316 --- [sealo] [           main] o.apache.catalina.core.StandardEngine    : Starting Servlet engine: [Apache Tomcat/11.0.22]
2026-07-20T10:12:17.961+09:00  INFO 17316 --- [sealo] [           main] b.w.c.s.WebApplicationContextInitializer : Root WebApplicationContext: initialization completed in 2591 ms
2026-07-20T10:12:18.411+09:00  INFO 17316 --- [sealo] [           main] org.hibernate.orm.jpa                    : HHH008540: Processing PersistenceUnitInfo [name: default]
2026-07-20T10:12:18.482+09:00  INFO 17316 --- [sealo] [           main] org.hibernate.orm.core                   : HHH000001: Hibernate ORM core version 7.4.1.Final
2026-07-20T10:12:18.873+09:00  INFO 17316 --- [sealo] [           main] o.s.o.j.p.SpringPersistenceUnitInfo      : No LoadTimeWeaver setup: ignoring JPA class transformer
2026-07-20T10:12:18.897+09:00  INFO 17316 --- [sealo] [           main] com.zaxxer.hikari.HikariDataSource       : HikariPool-1 - Starting...
2026-07-20T10:12:19.130+09:00  INFO 17316 --- [sealo] [           main] com.zaxxer.hikari.pool.HikariPool        : HikariPool-1 - Added connection org.postgresql.jdbc.PgConnection@62f6185a
2026-07-20T10:12:19.132+09:00  INFO 17316 --- [sealo] [           main] com.zaxxer.hikari.HikariDataSource       : HikariPool-1 - Start completed.
2026-07-20T10:12:19.216+09:00  INFO 17316 --- [sealo] [           main] org.hibernate.orm.connections.pooling    : HHH10001005: Database info:
	Database JDBC URL [jdbc:postgresql://localhost:5432/sealo]
	Database driver: PostgreSQL JDBC Driver
	Database dialect: PostgreSQLDialect
	Database version: 16.14
	Default catalog/schema: sealo/public
	Autocommit mode: undefined/unknown
	Isolation level: READ_COMMITTED [default READ_COMMITTED]
	JDBC fetch size: none
	Pool: DataSourceConnectionProvider
	Minimum pool size: undefined/unknown
	Maximum pool size: undefined/unknown
2026-07-20T10:12:20.133+09:00  INFO 17316 --- [sealo] [           main] org.hibernate.orm.core                   : HHH000489: No JTA platform available (set 'hibernate.transaction.jta.platform' to enable JTA platform integration)
2026-07-20T10:12:20.215+09:00  INFO 17316 --- [sealo] [           main] j.LocalContainerEntityManagerFactoryBean : Initialized JPA EntityManagerFactory for persistence unit 'default'
2026-07-20T10:12:20.295+09:00  INFO 17316 --- [sealo] [           main] o.s.d.j.r.query.QueryEnhancerFactories   : Hibernate is in classpath; If applicable, HQL parser will be used.
2026-07-20T10:12:21.791+09:00  WARN 17316 --- [sealo] [           main] .s.a.UserDetailsServiceAutoConfiguration : 

Using generated security password: d219f0b3-55f3-4423-abf9-b37e7118e226

This generated password is for development use only. Your security configuration must be updated before running your application in production.

2026-07-20T10:12:21.800+09:00  INFO 17316 --- [sealo] [           main] r$InitializeUserDetailsManagerConfigurer : Global AuthenticationManager configured with UserDetailsService bean with name inMemoryUserDetailsManager
2026-07-20T10:12:22.607+09:00  INFO 17316 --- [sealo] [           main] o.s.b.a.e.web.EndpointLinksResolver      : Exposing 3 endpoints beneath base path '/actuator'
2026-07-20T10:12:22.784+09:00  INFO 17316 --- [sealo] [           main] o.s.boot.tomcat.TomcatWebServer          : Tomcat started on port 8080 (http) with context path '/'
2026-07-20T10:12:22.808+09:00  INFO 17316 --- [sealo] [           main] com.sealo.SealoApplication               : Started SealoApplication in 8.084 seconds (process running for 8.739)
2026-07-20T10:12:23.074+09:00 DEBUG 17316 --- [sealo] [           main] org.hibernate.SQL                        : select count(*) from member m1_0
2026-07-20T10:12:23.104+09:00 DEBUG 17316 --- [sealo] [           main] org.hibernate.SQL                        : select count(*) from item i1_0
2026-07-20T10:12:24.199+09:00  INFO 17316 --- [sealo] [nio-8080-exec-1] o.a.c.c.C.[Tomcat].[localhost].[/]       : Initializing Spring DispatcherServlet 'dispatcherServlet'
2026-07-20T10:12:24.200+09:00  INFO 17316 --- [sealo] [nio-8080-exec-1] o.s.web.servlet.DispatcherServlet        : Initializing Servlet 'dispatcherServlet'
2026-07-20T10:12:24.201+09:00  INFO 17316 --- [sealo] [nio-8080-exec-1] o.s.web.servlet.DispatcherServlet        : Completed initialization in 1 ms
2026-07-20T10:12:33.616+09:00 DEBUG 17316 --- [sealo] [nio-8080-exec-7] org.hibernate.SQL                        : select m1_0.id,m1_0.ai_plan_uses,m1_0.created_at,m1_0.nickname,m1_0.provider,m1_0.provider_id,m1_0.shell_balance,m1_0.updated_at from member m1_0 where m1_0.id=?
2026-07-20T10:12:33.636+09:00 DEBUG 17316 --- [sealo] [nio-8080-exec-6] org.hibernate.SQL                        : select distinct s1_0.stamp_date from stamp s1_0 where s1_0.member_id=? and s1_0.stamp_date>=?
2026-07-20T10:12:33.645+09:00 DEBUG 17316 --- [sealo] [nio-8080-exec-4] org.hibernate.SQL                        : select pi1_0.id,pi1_0.name,pi1_0.scheduled_date,pi1_0.scheduled_time,p1_0.title,p1_0.icon from plan_item pi1_0 join plan p1_0 on p1_0.id=pi1_0.plan_id where p1_0.member_id=? and pi1_0.done=false and pi1_0.scheduled_date is not null and pi1_0.scheduled_date>=? order by pi1_0.scheduled_date,pi1_0.scheduled_time
2026-07-20T10:12:33.651+09:00 DEBUG 17316 --- [sealo] [nio-8080-exec-8] org.hibernate.SQL                        : select i1_0.id,i1_0.asset_key,i1_0.category,i1_0.name,i1_0.price,i1_0.sort_order from item i1_0 order by i1_0.category,i1_0.sort_order
2026-07-20T10:12:33.651+09:00 DEBUG 17316 --- [sealo] [nio-8080-exec-3] org.hibernate.SQL                        : select r1_0.id,r1_0.alarm_enabled,r1_0.alarm_time,r1_0.alarm_type,r1_0.created_at,r1_0.icon,r1_0.member_id,r1_0.name,r1_0.repeat_days,r1_0.updated_at from routine r1_0 where r1_0.member_id=?
2026-07-20T10:12:33.651+09:00 DEBUG 17316 --- [sealo] [nio-8080-exec-5] org.hibernate.SQL                        : select r1_0.id,r1_0.alarm_enabled,r1_0.alarm_time,r1_0.alarm_type,r1_0.created_at,r1_0.icon,r1_0.member_id,r1_0.name,r1_0.repeat_days,r1_0.updated_at from routine r1_0 where r1_0.member_id=?
2026-07-20T10:12:33.661+09:00 DEBUG 17316 --- [sealo] [nio-8080-exec-8] org.hibernate.SQL                        : select mi1_0.item_id,mi1_0.equipped from member_item mi1_0 where mi1_0.member_id=?
2026-07-20T10:12:33.661+09:00 DEBUG 17316 --- [sealo] [nio-8080-exec-5] org.hibernate.SQL                        : select s1_0.routine_id from stamp s1_0 where s1_0.member_id=? and s1_0.stamp_date=?
2026-07-20T10:12:51.574+09:00 DEBUG 17316 --- [sealo] [io-8080-exec-10] org.hibernate.SQL                        : insert into routine (alarm_enabled,alarm_time,alarm_type,created_at,icon,member_id,name,repeat_days,updated_at) values (?,?,?,?,?,?,?,?,?)
2026-07-20T10:12:51.608+09:00 DEBUG 17316 --- [sealo] [nio-8080-exec-2] org.hibernate.SQL                        : select r1_0.id,r1_0.alarm_enabled,r1_0.alarm_time,r1_0.alarm_type,r1_0.created_at,r1_0.icon,r1_0.member_id,r1_0.name,r1_0.repeat_days,r1_0.updated_at from routine r1_0 where r1_0.member_id=?
2026-07-20T10:12:51.610+09:00 DEBUG 17316 --- [sealo] [nio-8080-exec-1] org.hibernate.SQL                        : select r1_0.id,r1_0.alarm_enabled,r1_0.alarm_time,r1_0.alarm_type,r1_0.created_at,r1_0.icon,r1_0.member_id,r1_0.name,r1_0.repeat_days,r1_0.updated_at from routine r1_0 where r1_0.member_id=?
2026-07-20T10:12:51.610+09:00 DEBUG 17316 --- [sealo] [nio-8080-exec-7] org.hibernate.SQL                        : insert into routine (alarm_enabled,alarm_time,alarm_type,created_at,icon,member_id,name,repeat_days,updated_at) values (?,?,?,?,?,?,?,?,?)
2026-07-20T10:12:51.612+09:00 DEBUG 17316 --- [sealo] [nio-8080-exec-2] org.hibernate.SQL                        : select s1_0.routine_id from stamp s1_0 where s1_0.member_id=? and s1_0.stamp_date=?
2026-07-20T10:12:51.631+09:00 DEBUG 17316 --- [sealo] [nio-8080-exec-6] org.hibernate.SQL                        : select r1_0.id,r1_0.alarm_enabled,r1_0.alarm_time,r1_0.alarm_type,r1_0.created_at,r1_0.icon,r1_0.member_id,r1_0.name,r1_0.repeat_days,r1_0.updated_at from routine r1_0 where r1_0.member_id=?
2026-07-20T10:12:51.631+09:00 DEBUG 17316 --- [sealo] [nio-8080-exec-4] org.hibernate.SQL                        : select r1_0.id,r1_0.alarm_enabled,r1_0.alarm_time,r1_0.alarm_type,r1_0.created_at,r1_0.icon,r1_0.member_id,r1_0.name,r1_0.repeat_days,r1_0.updated_at from routine r1_0 where r1_0.member_id=?
2026-07-20T10:12:51.636+09:00 DEBUG 17316 --- [sealo] [nio-8080-exec-4] org.hibernate.SQL                        : select s1_0.routine_id from stamp s1_0 where s1_0.member_id=? and s1_0.stamp_date=?
2026-07-20T10:12:51.636+09:00 DEBUG 17316 --- [sealo] [nio-8080-exec-3] org.hibernate.SQL                        : insert into routine (alarm_enabled,alarm_time,alarm_type,created_at,icon,member_id,name,repeat_days,updated_at) values (?,?,?,?,?,?,?,?,?)
2026-07-20T10:12:51.665+09:00 DEBUG 17316 --- [sealo] [nio-8080-exec-5] org.hibernate.SQL                        : select r1_0.id,r1_0.alarm_enabled,r1_0.alarm_time,r1_0.alarm_type,r1_0.created_at,r1_0.icon,r1_0.member_id,r1_0.name,r1_0.repeat_days,r1_0.updated_at from routine r1_0 where r1_0.member_id=?
2026-07-20T10:12:51.665+09:00 DEBUG 17316 --- [sealo] [nio-8080-exec-8] org.hibernate.SQL                        : select r1_0.id,r1_0.alarm_enabled,r1_0.alarm_time,r1_0.alarm_type,r1_0.created_at,r1_0.icon,r1_0.member_id,r1_0.name,r1_0.repeat_days,r1_0.updated_at from routine r1_0 where r1_0.member_id=?
2026-07-20T10:12:51.669+09:00 DEBUG 17316 --- [sealo] [nio-8080-exec-8] org.hibernate.SQL                        : select s1_0.routine_id from stamp s1_0 where s1_0.member_id=? and s1_0.stamp_date=?
2026-07-20T10:13:09.823+09:00 DEBUG 17316 --- [sealo] [nio-8080-exec-9] org.hibernate.SQL                        : select r1_0.id,r1_0.alarm_enabled,r1_0.alarm_time,r1_0.alarm_type,r1_0.created_at,r1_0.icon,r1_0.member_id,r1_0.name,r1_0.repeat_days,r1_0.updated_at from routine r1_0 where r1_0.id=? and r1_0.member_id=?
2026-07-20T10:13:09.835+09:00 DEBUG 17316 --- [sealo] [nio-8080-exec-9] org.hibernate.SQL                        : select s1_0.id from stamp s1_0 where s1_0.routine_id=? and s1_0.stamp_date=? fetch first ? rows only
2026-07-20T10:13:09.839+09:00 DEBUG 17316 --- [sealo] [nio-8080-exec-9] org.hibernate.SQL                        : select m1_0.id,m1_0.ai_plan_uses,m1_0.created_at,m1_0.nickname,m1_0.provider,m1_0.provider_id,m1_0.shell_balance,m1_0.updated_at from member m1_0 where m1_0.id=?
2026-07-20T10:13:09.849+09:00 DEBUG 17316 --- [sealo] [nio-8080-exec-9] org.hibernate.SQL                        : insert into stamp (created_at,member_id,routine_id,stamp_date,updated_at) values (?,?,?,?,?)
2026-07-20T10:13:09.868+09:00 DEBUG 17316 --- [sealo] [nio-8080-exec-9] org.hibernate.SQL                        : update member set ai_plan_uses=?,created_at=?,nickname=?,provider=?,provider_id=?,shell_balance=?,updated_at=? where id=?
2026-07-20T10:13:09.890+09:00 DEBUG 17316 --- [sealo] [io-8080-exec-10] org.hibernate.SQL                        : select r1_0.id,r1_0.alarm_enabled,r1_0.alarm_time,r1_0.alarm_type,r1_0.created_at,r1_0.icon,r1_0.member_id,r1_0.name,r1_0.repeat_days,r1_0.updated_at from routine r1_0 where r1_0.member_id=?
2026-07-20T10:13:09.891+09:00 DEBUG 17316 --- [sealo] [nio-8080-exec-1] org.hibernate.SQL                        : select distinct s1_0.stamp_date from stamp s1_0 where s1_0.member_id=? and s1_0.stamp_date>=?
2026-07-20T10:13:09.894+09:00 DEBUG 17316 --- [sealo] [io-8080-exec-10] org.hibernate.SQL                        : select s1_0.routine_id from stamp s1_0 where s1_0.member_id=? and s1_0.stamp_date=?
2026-07-20T10:13:30.169+09:00 DEBUG 17316 --- [sealo] [nio-8080-exec-2] org.hibernate.SQL                        : select m1_0.id,m1_0.ai_plan_uses,m1_0.created_at,m1_0.nickname,m1_0.provider,m1_0.provider_id,m1_0.shell_balance,m1_0.updated_at from member m1_0 where m1_0.id=?
2026-07-20T10:13:30.186+09:00 DEBUG 17316 --- [sealo] [nio-8080-exec-7] org.hibernate.SQL                        : select p1_0.id,p1_0.title,p1_0.theme,p1_0.icon,p1_0.target_date,count(pi1_0.id),coalesce(sum(case when pi1_0.done=true then 1 else 0 end),0) from plan p1_0 left join plan_item pi1_0 on pi1_0.plan_id=p1_0.id where p1_0.member_id=? group by p1_0.id,p1_0.title,p1_0.theme,p1_0.icon,p1_0.target_date order by p1_0.id desc
2026-07-20T10:13:55.171+09:00 DEBUG 17316 --- [sealo] [nio-8080-exec-8] org.hibernate.SQL                        : select p1_0.id,p1_0.created_at,p1_0.icon,p1_0.member_id,p1_0.rewarded,p1_0.target_date,p1_0.theme,p1_0.title,p1_0.updated_at from plan p1_0 where p1_0.id=? and p1_0.member_id=?
2026-07-20T10:13:55.197+09:00 DEBUG 17316 --- [sealo] [nio-8080-exec-8] org.hibernate.SQL                        : select pi1_0.id,pi1_0.created_at,pi1_0.done,pi1_0.name,pi1_0.plan_id,pi1_0.scheduled_date,pi1_0.scheduled_time,pi1_0.sort_order,pi1_0.updated_at from plan_item pi1_0 where pi1_0.plan_id=? order by pi1_0.sort_order
2026-07-20T10:15:21.750+09:00 DEBUG 17316 --- [sealo] [nio-8080-exec-2] org.hibernate.SQL                        : select pi1_0.id,pi1_0.name,pi1_0.scheduled_date,pi1_0.scheduled_time,p1_0.title,p1_0.icon from plan_item pi1_0 join plan p1_0 on p1_0.id=pi1_0.plan_id where p1_0.member_id=? and pi1_0.done=false and pi1_0.scheduled_date is not null and pi1_0.scheduled_date>=? order by pi1_0.scheduled_date,pi1_0.scheduled_time
2026-07-20T10:15:21.750+09:00 DEBUG 17316 --- [sealo] [nio-8080-exec-7] org.hibernate.SQL                        : select r1_0.id,r1_0.alarm_enabled,r1_0.alarm_time,r1_0.alarm_type,r1_0.created_at,r1_0.icon,r1_0.member_id,r1_0.name,r1_0.repeat_days,r1_0.updated_at from routine r1_0 where r1_0.member_id=?
2026-07-20T10:15:21.750+09:00 DEBUG 17316 --- [sealo] [nio-8080-exec-6] org.hibernate.SQL                        : select distinct s1_0.stamp_date from stamp s1_0 where s1_0.member_id=? and s1_0.stamp_date>=?
2026-07-20T10:15:21.750+09:00 DEBUG 17316 --- [sealo] [io-8080-exec-10] org.hibernate.SQL                        : select r1_0.id,r1_0.alarm_enabled,r1_0.alarm_time,r1_0.alarm_type,r1_0.created_at,r1_0.icon,r1_0.member_id,r1_0.name,r1_0.repeat_days,r1_0.updated_at from routine r1_0 where r1_0.member_id=?
2026-07-20T10:15:21.751+09:00 DEBUG 17316 --- [sealo] [nio-8080-exec-4] org.hibernate.SQL                        : select m1_0.id,m1_0.ai_plan_uses,m1_0.created_at,m1_0.nickname,m1_0.provider,m1_0.provider_id,m1_0.shell_balance,m1_0.updated_at from member m1_0 where m1_0.id=?
2026-07-20T10:15:21.752+09:00 DEBUG 17316 --- [sealo] [nio-8080-exec-3] org.hibernate.SQL                        : select i1_0.id,i1_0.asset_key,i1_0.category,i1_0.name,i1_0.price,i1_0.sort_order from item i1_0 order by i1_0.category,i1_0.sort_order
2026-07-20T10:15:21.757+09:00 DEBUG 17316 --- [sealo] [nio-8080-exec-7] org.hibernate.SQL                        : select s1_0.routine_id from stamp s1_0 where s1_0.member_id=? and s1_0.stamp_date=?
2026-07-20T10:15:21.765+09:00 DEBUG 17316 --- [sealo] [nio-8080-exec-3] org.hibernate.SQL                        : select mi1_0.item_id,mi1_0.equipped from member_item mi1_0 where mi1_0.member_id=?
2026-07-20T10:15:40.768+09:00 DEBUG 17316 --- [sealo] [nio-8080-exec-5] org.hibernate.SQL                        : select r1_0.id,r1_0.alarm_enabled,r1_0.alarm_time,r1_0.alarm_type,r1_0.created_at,r1_0.icon,r1_0.member_id,r1_0.name,r1_0.repeat_days,r1_0.updated_at from routine r1_0 where r1_0.member_id=?
2026-07-20T10:15:40.768+09:00 DEBUG 17316 --- [sealo] [nio-8080-exec-8] org.hibernate.SQL                        : select pi1_0.id,pi1_0.name,pi1_0.scheduled_date,pi1_0.scheduled_time,p1_0.title,p1_0.icon from plan_item pi1_0 join plan p1_0 on p1_0.id=pi1_0.plan_id where p1_0.member_id=? and pi1_0.done=false and pi1_0.scheduled_date is not null and pi1_0.scheduled_date>=? order by pi1_0.scheduled_date,pi1_0.scheduled_time
2026-07-20T10:15:40.769+09:00 DEBUG 17316 --- [sealo] [nio-8080-exec-1] org.hibernate.SQL                        : select distinct s1_0.stamp_date from stamp s1_0 where s1_0.member_id=? and s1_0.stamp_date>=?
2026-07-20T10:15:40.769+09:00 DEBUG 17316 --- [sealo] [io-8080-exec-10] org.hibernate.SQL                        : select m1_0.id,m1_0.ai_plan_uses,m1_0.created_at,m1_0.nickname,m1_0.provider,m1_0.provider_id,m1_0.shell_balance,m1_0.updated_at from member m1_0 where m1_0.id=?
2026-07-20T10:15:40.769+09:00 DEBUG 17316 --- [sealo] [nio-8080-exec-9] org.hibernate.SQL                        : select r1_0.id,r1_0.alarm_enabled,r1_0.alarm_time,r1_0.alarm_type,r1_0.created_at,r1_0.icon,r1_0.member_id,r1_0.name,r1_0.repeat_days,r1_0.updated_at from routine r1_0 where r1_0.member_id=?
2026-07-20T10:15:40.770+09:00 DEBUG 17316 --- [sealo] [nio-8080-exec-2] org.hibernate.SQL                        : select i1_0.id,i1_0.asset_key,i1_0.category,i1_0.name,i1_0.price,i1_0.sort_order from item i1_0 order by i1_0.category,i1_0.sort_order
2026-07-20T10:15:40.774+09:00 DEBUG 17316 --- [sealo] [nio-8080-exec-9] org.hibernate.SQL                        : select s1_0.routine_id from stamp s1_0 where s1_0.member_id=? and s1_0.stamp_date=?
2026-07-20T10:15:40.774+09:00 DEBUG 17316 --- [sealo] [nio-8080-exec-2] org.hibernate.SQL                        : select mi1_0.item_id,mi1_0.equipped from member_item mi1_0 where mi1_0.member_id=?
